versions pytest-7.2.1, python-3.10.6.final.0
cwd=/home/chris/Desktop/automation/Html_report_making/test_cases/login_module
args=('--html=../../reports/login_test.html', '--excelreport=../../reports/login_test.xls', '--debug')

  pytest_cmdline_main [hook]
      config: <_pytest.config.Config object at 0x7f39f8c7b2b0>
    pytest_plugin_registered [hook]
        plugin: <Session Html_report_making exitstatus='<UNSET>' testsfailed=0 testscollected=0>
        manager: <_pytest.config.PytestPluginManager object at 0x7f39f95482b0>
    finish pytest_plugin_registered --> [] [hook]
    pytest_configure [hook]
        config: <_pytest.config.Config object at 0x7f39f8c7b2b0>
      pytest_metadata [hook]
          metadata: {'Python': '3.10.6', 'Platform': 'Linux-5.19.0-38-generic-x86_64-with-glibc2.35', 'Packages': {'pytest': '7.2.1', 'pluggy': '1.0.0'}, 'Plugins': {'html': '3.2.0', 'metadata': '2.0.4', 'excel': '1.5.0', 'allure-pytest': '2.13.1'}}
      finish pytest_metadata --> [] [hook]
      pytest_plugin_registered [hook]
          plugin: <_pytest.cacheprovider.LFPlugin object at 0x7f39ed1a8130>
          manager: <_pytest.config.PytestPluginManager object at 0x7f39f95482b0>
      finish pytest_plugin_registered --> [] [hook]
      pytest_plugin_registered [hook]
          plugin: <_pytest.cacheprovider.NFPlugin object at 0x7f39ed1a8400>
          manager: <_pytest.config.PytestPluginManager object at 0x7f39f95482b0>
      finish pytest_plugin_registered --> [] [hook]
      pytest_plugin_registered [hook]
          plugin: <pytest_excel.pytest_excel.ExcelReporter object at 0x7f39ed1a84f0>
          manager: <_pytest.config.PytestPluginManager object at 0x7f39f95482b0>
      finish pytest_plugin_registered --> [] [hook]
      pytest_plugin_registered [hook]
          plugin: <pytest_html.html_report.HTMLReport object at 0x7f39ed1aa110>
          manager: <_pytest.config.PytestPluginManager object at 0x7f39f95482b0>
      finish pytest_plugin_registered --> [] [hook]
    early skip of rewriting module: faulthandler [assertion]
      pytest_plugin_registered [hook]
          plugin: <class '_pytest.legacypath.LegacyTmpdirPlugin'>
          manager: <_pytest.config.PytestPluginManager object at 0x7f39f95482b0>
      finish pytest_plugin_registered --> [] [hook]
      pytest_plugin_registered [hook]
          plugin: <_pytest.config.PytestPluginManager object at 0x7f39f95482b0>
          manager: <_pytest.config.PytestPluginManager object at 0x7f39f95482b0>
      finish pytest_plugin_registered --> [] [hook]
      pytest_plugin_registered [hook]
          plugin: <_pytest.config.Config object at 0x7f39f8c7b2b0>
          manager: <_pytest.config.PytestPluginManager object at 0x7f39f95482b0>
      finish pytest_plugin_registered --> [] [hook]
      pytest_plugin_registered [hook]
          plugin: <module '_pytest.mark' from '/home/chris/Desktop/automation/Html_report_making/venu/lib/python3.10/site-packages/_pytest/mark/__init__.py'>
          manager: <_pytest.config.PytestPluginManager object at 0x7f39f95482b0>
      finish pytest_plugin_registered --> [] [hook]
      pytest_plugin_registered [hook]
          plugin: <module '_pytest.main' from '/home/chris/Desktop/automation/Html_report_making/venu/lib/python3.10/site-packages/_pytest/main.py'>
          manager: <_pytest.config.PytestPluginManager object at 0x7f39f95482b0>
      finish pytest_plugin_registered --> [] [hook]
      pytest_plugin_registered [hook]
          plugin: <module '_pytest.runner' from '/home/chris/Desktop/automation/Html_report_making/venu/lib/python3.10/site-packages/_pytest/runner.py'>
          manager: <_pytest.config.PytestPluginManager object at 0x7f39f95482b0>
      finish pytest_plugin_registered --> [] [hook]
      pytest_plugin_registered [hook]
          plugin: <module '_pytest.fixtures' from '/home/chris/Desktop/automation/Html_report_making/venu/lib/python3.10/site-packages/_pytest/fixtures.py'>
          manager: <_pytest.config.PytestPluginManager object at 0x7f39f95482b0>
      finish pytest_plugin_registered --> [] [hook]
      pytest_plugin_registered [hook]
          plugin: <module '_pytest.helpconfig' from '/home/chris/Desktop/automation/Html_report_making/venu/lib/python3.10/site-packages/_pytest/helpconfig.py'>
          manager: <_pytest.config.PytestPluginManager object at 0x7f39f95482b0>
      finish pytest_plugin_registered --> [] [hook]
      pytest_plugin_registered [hook]
          plugin: <module '_pytest.python' from '/home/chris/Desktop/automation/Html_report_making/venu/lib/python3.10/site-packages/_pytest/python.py'>
          manager: <_pytest.config.PytestPluginManager object at 0x7f39f95482b0>
      finish pytest_plugin_registered --> [] [hook]
      pytest_plugin_registered [hook]
          plugin: <module '_pytest.terminal' from '/home/chris/Desktop/automation/Html_report_making/venu/lib/python3.10/site-packages/_pytest/terminal.py'>
          manager: <_pytest.config.PytestPluginManager object at 0x7f39f95482b0>
      finish pytest_plugin_registered --> [] [hook]
      pytest_plugin_registered [hook]
          plugin: <module '_pytest.debugging' from '/home/chris/Desktop/automation/Html_report_making/venu/lib/python3.10/site-packages/_pytest/debugging.py'>
          manager: <_pytest.config.PytestPluginManager object at 0x7f39f95482b0>
      finish pytest_plugin_registered --> [] [hook]
      pytest_plugin_registered [hook]
          plugin: <module '_pytest.unittest' from '/home/chris/Desktop/automation/Html_report_making/venu/lib/python3.10/site-packages/_pytest/unittest.py'>
          manager: <_pytest.config.PytestPluginManager object at 0x7f39f95482b0>
      finish pytest_plugin_registered --> [] [hook]
      pytest_plugin_registered [hook]
          plugin: <module '_pytest.capture' from '/home/chris/Desktop/automation/Html_report_making/venu/lib/python3.10/site-packages/_pytest/capture.py'>
          manager: <_pytest.config.PytestPluginManager object at 0x7f39f95482b0>
      finish pytest_plugin_registered --> [] [hook]
      pytest_plugin_registered [hook]
          plugin: <module '_pytest.skipping' from '/home/chris/Desktop/automation/Html_report_making/venu/lib/python3.10/site-packages/_pytest/skipping.py'>
          manager: <_pytest.config.PytestPluginManager object at 0x7f39f95482b0>
      finish pytest_plugin_registered --> [] [hook]
      pytest_plugin_registered [hook]
          plugin: <module '_pytest.legacypath' from '/home/chris/Desktop/automation/Html_report_making/venu/lib/python3.10/site-packages/_pytest/legacypath.py'>
          manager: <_pytest.config.PytestPluginManager object at 0x7f39f95482b0>
      finish pytest_plugin_registered --> [] [hook]
      pytest_plugin_registered [hook]
          plugin: <module '_pytest.tmpdir' from '/home/chris/Desktop/automation/Html_report_making/venu/lib/python3.10/site-packages/_pytest/tmpdir.py'>
          manager: <_pytest.config.PytestPluginManager object at 0x7f39f95482b0>
      finish pytest_plugin_registered --> [] [hook]
      pytest_plugin_registered [hook]
          plugin: <module '_pytest.monkeypatch' from '/home/chris/Desktop/automation/Html_report_making/venu/lib/python3.10/site-packages/_pytest/monkeypatch.py'>
          manager: <_pytest.config.PytestPluginManager object at 0x7f39f95482b0>
      finish pytest_plugin_registered --> [] [hook]
      pytest_plugin_registered [hook]
          plugin: <module '_pytest.recwarn' from '/home/chris/Desktop/automation/Html_report_making/venu/lib/python3.10/site-packages/_pytest/recwarn.py'>
          manager: <_pytest.config.PytestPluginManager object at 0x7f39f95482b0>
      finish pytest_plugin_registered --> [] [hook]
      pytest_plugin_registered [hook]
          plugin: <module '_pytest.pastebin' from '/home/chris/Desktop/automation/Html_report_making/venu/lib/python3.10/site-packages/_pytest/pastebin.py'>
          manager: <_pytest.config.PytestPluginManager object at 0x7f39f95482b0>
      finish pytest_plugin_registered --> [] [hook]
      pytest_plugin_registered [hook]
          plugin: <module '_pytest.nose' from '/home/chris/Desktop/automation/Html_report_making/venu/lib/python3.10/site-packages/_pytest/nose.py'>
          manager: <_pytest.config.PytestPluginManager object at 0x7f39f95482b0>
      finish pytest_plugin_registered --> [] [hook]
      pytest_plugin_registered [hook]
          plugin: <module '_pytest.assertion' from '/home/chris/Desktop/automation/Html_report_making/venu/lib/python3.10/site-packages/_pytest/assertion/__init__.py'>
          manager: <_pytest.config.PytestPluginManager object at 0x7f39f95482b0>
      finish pytest_plugin_registered --> [] [hook]
      pytest_plugin_registered [hook]
          plugin: <module '_pytest.junitxml' from '/home/chris/Desktop/automation/Html_report_making/venu/lib/python3.10/site-packages/_pytest/junitxml.py'>
          manager: <_pytest.config.PytestPluginManager object at 0x7f39f95482b0>
      finish pytest_plugin_registered --> [] [hook]
      pytest_plugin_registered [hook]
          plugin: <module '_pytest.doctest' from '/home/chris/Desktop/automation/Html_report_making/venu/lib/python3.10/site-packages/_pytest/doctest.py'>
          manager: <_pytest.config.PytestPluginManager object at 0x7f39f95482b0>
      finish pytest_plugin_registered --> [] [hook]
      pytest_plugin_registered [hook]
          plugin: <module '_pytest.cacheprovider' from '/home/chris/Desktop/automation/Html_report_making/venu/lib/python3.10/site-packages/_pytest/cacheprovider.py'>
          manager: <_pytest.config.PytestPluginManager object at 0x7f39f95482b0>
      finish pytest_plugin_registered --> [] [hook]
      pytest_plugin_registered [hook]
          plugin: <module '_pytest.freeze_support' from '/home/chris/Desktop/automation/Html_report_making/venu/lib/python3.10/site-packages/_pytest/freeze_support.py'>
          manager: <_pytest.config.PytestPluginManager object at 0x7f39f95482b0>
      finish pytest_plugin_registered --> [] [hook]
      pytest_plugin_registered [hook]
          plugin: <module '_pytest.setuponly' from '/home/chris/Desktop/automation/Html_report_making/venu/lib/python3.10/site-packages/_pytest/setuponly.py'>
          manager: <_pytest.config.PytestPluginManager object at 0x7f39f95482b0>
      finish pytest_plugin_registered --> [] [hook]
      pytest_plugin_registered [hook]
          plugin: <module '_pytest.setupplan' from '/home/chris/Desktop/automation/Html_report_making/venu/lib/python3.10/site-packages/_pytest/setupplan.py'>
          manager: <_pytest.config.PytestPluginManager object at 0x7f39f95482b0>
      finish pytest_plugin_registered --> [] [hook]
      pytest_plugin_registered [hook]
          plugin: <module '_pytest.stepwise' from '/home/chris/Desktop/automation/Html_report_making/venu/lib/python3.10/site-packages/_pytest/stepwise.py'>
          manager: <_pytest.config.PytestPluginManager object at 0x7f39f95482b0>
      finish pytest_plugin_registered --> [] [hook]
      pytest_plugin_registered [hook]
          plugin: <module '_pytest.warnings' from '/home/chris/Desktop/automation/Html_report_making/venu/lib/python3.10/site-packages/_pytest/warnings.py'>
          manager: <_pytest.config.PytestPluginManager object at 0x7f39f95482b0>
      finish pytest_plugin_registered --> [] [hook]
      pytest_plugin_registered [hook]
          plugin: <module '_pytest.logging' from '/home/chris/Desktop/automation/Html_report_making/venu/lib/python3.10/site-packages/_pytest/logging.py'>
          manager: <_pytest.config.PytestPluginManager object at 0x7f39f95482b0>
      finish pytest_plugin_registered --> [] [hook]
      pytest_plugin_registered [hook]
          plugin: <module '_pytest.reports' from '/home/chris/Desktop/automation/Html_report_making/venu/lib/python3.10/site-packages/_pytest/reports.py'>
          manager: <_pytest.config.PytestPluginManager object at 0x7f39f95482b0>
      finish pytest_plugin_registered --> [] [hook]
      pytest_plugin_registered [hook]
          plugin: <module '_pytest.python_path' from '/home/chris/Desktop/automation/Html_report_making/venu/lib/python3.10/site-packages/_pytest/python_path.py'>
          manager: <_pytest.config.PytestPluginManager object at 0x7f39f95482b0>
      finish pytest_plugin_registered --> [] [hook]
      pytest_plugin_registered [hook]
          plugin: <module '_pytest.unraisableexception' from '/home/chris/Desktop/automation/Html_report_making/venu/lib/python3.10/site-packages/_pytest/unraisableexception.py'>
          manager: <_pytest.config.PytestPluginManager object at 0x7f39f95482b0>
      finish pytest_plugin_registered --> [] [hook]
      pytest_plugin_registered [hook]
          plugin: <module '_pytest.threadexception' from '/home/chris/Desktop/automation/Html_report_making/venu/lib/python3.10/site-packages/_pytest/threadexception.py'>
          manager: <_pytest.config.PytestPluginManager object at 0x7f39f95482b0>
      finish pytest_plugin_registered --> [] [hook]
      pytest_plugin_registered [hook]
          plugin: <module '_pytest.faulthandler' from '/home/chris/Desktop/automation/Html_report_making/venu/lib/python3.10/site-packages/_pytest/faulthandler.py'>
          manager: <_pytest.config.PytestPluginManager object at 0x7f39f95482b0>
      finish pytest_plugin_registered --> [] [hook]
      pytest_plugin_registered [hook]
          plugin: <module 'pytest_html.plugin' from '/home/chris/Desktop/automation/Html_report_making/venu/lib/python3.10/site-packages/pytest_html/plugin.py'>
          manager: <_pytest.config.PytestPluginManager object at 0x7f39f95482b0>
      finish pytest_plugin_registered --> [] [hook]
      pytest_plugin_registered [hook]
          plugin: <module 'pytest_metadata.plugin' from '/home/chris/Desktop/automation/Html_report_making/venu/lib/python3.10/site-packages/pytest_metadata/plugin.py'>
          manager: <_pytest.config.PytestPluginManager object at 0x7f39f95482b0>
      finish pytest_plugin_registered --> [] [hook]
      pytest_plugin_registered [hook]
          plugin: <module 'pytest_excel.pytest_excel' from '/home/chris/Desktop/automation/Html_report_making/venu/lib/python3.10/site-packages/pytest_excel/pytest_excel.py'>
          manager: <_pytest.config.PytestPluginManager object at 0x7f39f95482b0>
      finish pytest_plugin_registered --> [] [hook]
      pytest_plugin_registered [hook]
          plugin: <module 'allure_pytest.plugin' from '/home/chris/Desktop/automation/Html_report_making/venu/lib/python3.10/site-packages/allure_pytest/plugin.py'>
          manager: <_pytest.config.PytestPluginManager object at 0x7f39f95482b0>
      finish pytest_plugin_registered --> [] [hook]
      pytest_plugin_registered [hook]
          plugin: <CaptureManager _method='fd' _global_capturing=<MultiCapture out=<FDCapture 1 oldfd=5 _state='suspended' tmpfile=<_io.TextIOWrapper name="<_io.FileIO name=6 mode='rb+' closefd=True>" mode='r+' encoding='utf-8'>> err=<FDCapture 2 oldfd=7 _state='suspended' tmpfile=<_io.TextIOWrapper name="<_io.FileIO name=8 mode='rb+' closefd=True>" mode='r+' encoding='utf-8'>> in_=<FDCapture 0 oldfd=3 _state='started' tmpfile=<_io.TextIOWrapper name='/dev/null' mode='r' encoding='utf-8'>> _state='suspended' _in_suspended=False> _capture_fixture=None>
          manager: <_pytest.config.PytestPluginManager object at 0x7f39f95482b0>
      finish pytest_plugin_registered --> [] [hook]
      pytest_plugin_registered [hook]
          plugin: <module 'test_cases.conftest' from '/home/chris/Desktop/automation/Html_report_making/test_cases/conftest.py'>
          manager: <_pytest.config.PytestPluginManager object at 0x7f39f95482b0>
      finish pytest_plugin_registered --> [] [hook]
      pytest_plugin_registered [hook]
          plugin: <Session Html_report_making exitstatus=<ExitCode.OK: 0> testsfailed=0 testscollected=0>
          manager: <_pytest.config.PytestPluginManager object at 0x7f39f95482b0>
      finish pytest_plugin_registered --> [] [hook]
      pytest_plugin_registered [hook]
          plugin: <_pytest.cacheprovider.LFPlugin object at 0x7f39ed1a8130>
          manager: <_pytest.config.PytestPluginManager object at 0x7f39f95482b0>
      finish pytest_plugin_registered --> [] [hook]
      pytest_plugin_registered [hook]
          plugin: <_pytest.cacheprovider.NFPlugin object at 0x7f39ed1a8400>
          manager: <_pytest.config.PytestPluginManager object at 0x7f39f95482b0>
      finish pytest_plugin_registered --> [] [hook]
      pytest_plugin_registered [hook]
          plugin: <pytest_excel.pytest_excel.ExcelReporter object at 0x7f39ed1a84f0>
          manager: <_pytest.config.PytestPluginManager object at 0x7f39f95482b0>
      finish pytest_plugin_registered --> [] [hook]
      pytest_plugin_registered [hook]
          plugin: <pytest_html.html_report.HTMLReport object at 0x7f39ed1aa110>
          manager: <_pytest.config.PytestPluginManager object at 0x7f39f95482b0>
      finish pytest_plugin_registered --> [] [hook]
      pytest_plugin_registered [hook]
          plugin: <class '_pytest.legacypath.LegacyTmpdirPlugin'>
          manager: <_pytest.config.PytestPluginManager object at 0x7f39f95482b0>
      finish pytest_plugin_registered --> [] [hook]
      pytest_plugin_registered [hook]
          plugin: <_pytest.terminal.TerminalReporter object at 0x7f39ed1aa620>
          manager: <_pytest.config.PytestPluginManager object at 0x7f39f95482b0>
      finish pytest_plugin_registered --> [] [hook]
      pytest_plugin_registered [hook]
          plugin: <_pytest.logging.LoggingPlugin object at 0x7f39ed1aac20>
          manager: <_pytest.config.PytestPluginManager object at 0x7f39f95482b0>
      finish pytest_plugin_registered --> [] [hook]
    finish pytest_configure --> [] [hook]
    pytest_sessionstart [hook]
        session: <Session Html_report_making exitstatus=<ExitCode.OK: 0> testsfailed=0 testscollected=0>
      pytest_plugin_registered [hook]
          plugin: <_pytest.config.PytestPluginManager object at 0x7f39f95482b0>
          manager: <_pytest.config.PytestPluginManager object at 0x7f39f95482b0>
      finish pytest_plugin_registered --> [] [hook]
      pytest_plugin_registered [hook]
          plugin: <_pytest.config.Config object at 0x7f39f8c7b2b0>
          manager: <_pytest.config.PytestPluginManager object at 0x7f39f95482b0>
      finish pytest_plugin_registered --> [] [hook]
      pytest_plugin_registered [hook]
          plugin: <module '_pytest.mark' from '/home/chris/Desktop/automation/Html_report_making/venu/lib/python3.10/site-packages/_pytest/mark/__init__.py'>
          manager: <_pytest.config.PytestPluginManager object at 0x7f39f95482b0>
      finish pytest_plugin_registered --> [] [hook]
      pytest_plugin_registered [hook]
          plugin: <module '_pytest.main' from '/home/chris/Desktop/automation/Html_report_making/venu/lib/python3.10/site-packages/_pytest/main.py'>
          manager: <_pytest.config.PytestPluginManager object at 0x7f39f95482b0>
      finish pytest_plugin_registered --> [] [hook]
      pytest_plugin_registered [hook]
          plugin: <module '_pytest.runner' from '/home/chris/Desktop/automation/Html_report_making/venu/lib/python3.10/site-packages/_pytest/runner.py'>
          manager: <_pytest.config.PytestPluginManager object at 0x7f39f95482b0>
      finish pytest_plugin_registered --> [] [hook]
      pytest_plugin_registered [hook]
          plugin: <module '_pytest.fixtures' from '/home/chris/Desktop/automation/Html_report_making/venu/lib/python3.10/site-packages/_pytest/fixtures.py'>
          manager: <_pytest.config.PytestPluginManager object at 0x7f39f95482b0>
      finish pytest_plugin_registered --> [] [hook]
      pytest_plugin_registered [hook]
          plugin: <module '_pytest.helpconfig' from '/home/chris/Desktop/automation/Html_report_making/venu/lib/python3.10/site-packages/_pytest/helpconfig.py'>
          manager: <_pytest.config.PytestPluginManager object at 0x7f39f95482b0>
      finish pytest_plugin_registered --> [] [hook]
      pytest_plugin_registered [hook]
          plugin: <module '_pytest.python' from '/home/chris/Desktop/automation/Html_report_making/venu/lib/python3.10/site-packages/_pytest/python.py'>
          manager: <_pytest.config.PytestPluginManager object at 0x7f39f95482b0>
      finish pytest_plugin_registered --> [] [hook]
      pytest_plugin_registered [hook]
          plugin: <module '_pytest.terminal' from '/home/chris/Desktop/automation/Html_report_making/venu/lib/python3.10/site-packages/_pytest/terminal.py'>
          manager: <_pytest.config.PytestPluginManager object at 0x7f39f95482b0>
      finish pytest_plugin_registered --> [] [hook]
      pytest_plugin_registered [hook]
          plugin: <module '_pytest.debugging' from '/home/chris/Desktop/automation/Html_report_making/venu/lib/python3.10/site-packages/_pytest/debugging.py'>
          manager: <_pytest.config.PytestPluginManager object at 0x7f39f95482b0>
      finish pytest_plugin_registered --> [] [hook]
      pytest_plugin_registered [hook]
          plugin: <module '_pytest.unittest' from '/home/chris/Desktop/automation/Html_report_making/venu/lib/python3.10/site-packages/_pytest/unittest.py'>
          manager: <_pytest.config.PytestPluginManager object at 0x7f39f95482b0>
      finish pytest_plugin_registered --> [] [hook]
      pytest_plugin_registered [hook]
          plugin: <module '_pytest.capture' from '/home/chris/Desktop/automation/Html_report_making/venu/lib/python3.10/site-packages/_pytest/capture.py'>
          manager: <_pytest.config.PytestPluginManager object at 0x7f39f95482b0>
      finish pytest_plugin_registered --> [] [hook]
      pytest_plugin_registered [hook]
          plugin: <module '_pytest.skipping' from '/home/chris/Desktop/automation/Html_report_making/venu/lib/python3.10/site-packages/_pytest/skipping.py'>
          manager: <_pytest.config.PytestPluginManager object at 0x7f39f95482b0>
      finish pytest_plugin_registered --> [] [hook]
      pytest_plugin_registered [hook]
          plugin: <module '_pytest.legacypath' from '/home/chris/Desktop/automation/Html_report_making/venu/lib/python3.10/site-packages/_pytest/legacypath.py'>
          manager: <_pytest.config.PytestPluginManager object at 0x7f39f95482b0>
      finish pytest_plugin_registered --> [] [hook]
      pytest_plugin_registered [hook]
          plugin: <module '_pytest.tmpdir' from '/home/chris/Desktop/automation/Html_report_making/venu/lib/python3.10/site-packages/_pytest/tmpdir.py'>
          manager: <_pytest.config.PytestPluginManager object at 0x7f39f95482b0>
      finish pytest_plugin_registered --> [] [hook]
      pytest_plugin_registered [hook]
          plugin: <module '_pytest.monkeypatch' from '/home/chris/Desktop/automation/Html_report_making/venu/lib/python3.10/site-packages/_pytest/monkeypatch.py'>
          manager: <_pytest.config.PytestPluginManager object at 0x7f39f95482b0>
      finish pytest_plugin_registered --> [] [hook]
      pytest_plugin_registered [hook]
          plugin: <module '_pytest.recwarn' from '/home/chris/Desktop/automation/Html_report_making/venu/lib/python3.10/site-packages/_pytest/recwarn.py'>
          manager: <_pytest.config.PytestPluginManager object at 0x7f39f95482b0>
      finish pytest_plugin_registered --> [] [hook]
      pytest_plugin_registered [hook]
          plugin: <module '_pytest.pastebin' from '/home/chris/Desktop/automation/Html_report_making/venu/lib/python3.10/site-packages/_pytest/pastebin.py'>
          manager: <_pytest.config.PytestPluginManager object at 0x7f39f95482b0>
      finish pytest_plugin_registered --> [] [hook]
      pytest_plugin_registered [hook]
          plugin: <module '_pytest.nose' from '/home/chris/Desktop/automation/Html_report_making/venu/lib/python3.10/site-packages/_pytest/nose.py'>
          manager: <_pytest.config.PytestPluginManager object at 0x7f39f95482b0>
      finish pytest_plugin_registered --> [] [hook]
      pytest_plugin_registered [hook]
          plugin: <module '_pytest.assertion' from '/home/chris/Desktop/automation/Html_report_making/venu/lib/python3.10/site-packages/_pytest/assertion/__init__.py'>
          manager: <_pytest.config.PytestPluginManager object at 0x7f39f95482b0>
      finish pytest_plugin_registered --> [] [hook]
      pytest_plugin_registered [hook]
          plugin: <module '_pytest.junitxml' from '/home/chris/Desktop/automation/Html_report_making/venu/lib/python3.10/site-packages/_pytest/junitxml.py'>
          manager: <_pytest.config.PytestPluginManager object at 0x7f39f95482b0>
      finish pytest_plugin_registered --> [] [hook]
      pytest_plugin_registered [hook]
          plugin: <module '_pytest.doctest' from '/home/chris/Desktop/automation/Html_report_making/venu/lib/python3.10/site-packages/_pytest/doctest.py'>
          manager: <_pytest.config.PytestPluginManager object at 0x7f39f95482b0>
      finish pytest_plugin_registered --> [] [hook]
      pytest_plugin_registered [hook]
          plugin: <module '_pytest.cacheprovider' from '/home/chris/Desktop/automation/Html_report_making/venu/lib/python3.10/site-packages/_pytest/cacheprovider.py'>
          manager: <_pytest.config.PytestPluginManager object at 0x7f39f95482b0>
      finish pytest_plugin_registered --> [] [hook]
      pytest_plugin_registered [hook]
          plugin: <module '_pytest.freeze_support' from '/home/chris/Desktop/automation/Html_report_making/venu/lib/python3.10/site-packages/_pytest/freeze_support.py'>
          manager: <_pytest.config.PytestPluginManager object at 0x7f39f95482b0>
      finish pytest_plugin_registered --> [] [hook]
      pytest_plugin_registered [hook]
          plugin: <module '_pytest.setuponly' from '/home/chris/Desktop/automation/Html_report_making/venu/lib/python3.10/site-packages/_pytest/setuponly.py'>
          manager: <_pytest.config.PytestPluginManager object at 0x7f39f95482b0>
      finish pytest_plugin_registered --> [] [hook]
      pytest_plugin_registered [hook]
          plugin: <module '_pytest.setupplan' from '/home/chris/Desktop/automation/Html_report_making/venu/lib/python3.10/site-packages/_pytest/setupplan.py'>
          manager: <_pytest.config.PytestPluginManager object at 0x7f39f95482b0>
      finish pytest_plugin_registered --> [] [hook]
      pytest_plugin_registered [hook]
          plugin: <module '_pytest.stepwise' from '/home/chris/Desktop/automation/Html_report_making/venu/lib/python3.10/site-packages/_pytest/stepwise.py'>
          manager: <_pytest.config.PytestPluginManager object at 0x7f39f95482b0>
      finish pytest_plugin_registered --> [] [hook]
      pytest_plugin_registered [hook]
          plugin: <module '_pytest.warnings' from '/home/chris/Desktop/automation/Html_report_making/venu/lib/python3.10/site-packages/_pytest/warnings.py'>
          manager: <_pytest.config.PytestPluginManager object at 0x7f39f95482b0>
      finish pytest_plugin_registered --> [] [hook]
      pytest_plugin_registered [hook]
          plugin: <module '_pytest.logging' from '/home/chris/Desktop/automation/Html_report_making/venu/lib/python3.10/site-packages/_pytest/logging.py'>
          manager: <_pytest.config.PytestPluginManager object at 0x7f39f95482b0>
      finish pytest_plugin_registered --> [] [hook]
      pytest_plugin_registered [hook]
          plugin: <module '_pytest.reports' from '/home/chris/Desktop/automation/Html_report_making/venu/lib/python3.10/site-packages/_pytest/reports.py'>
          manager: <_pytest.config.PytestPluginManager object at 0x7f39f95482b0>
      finish pytest_plugin_registered --> [] [hook]
      pytest_plugin_registered [hook]
          plugin: <module '_pytest.python_path' from '/home/chris/Desktop/automation/Html_report_making/venu/lib/python3.10/site-packages/_pytest/python_path.py'>
          manager: <_pytest.config.PytestPluginManager object at 0x7f39f95482b0>
      finish pytest_plugin_registered --> [] [hook]
      pytest_plugin_registered [hook]
          plugin: <module '_pytest.unraisableexception' from '/home/chris/Desktop/automation/Html_report_making/venu/lib/python3.10/site-packages/_pytest/unraisableexception.py'>
          manager: <_pytest.config.PytestPluginManager object at 0x7f39f95482b0>
      finish pytest_plugin_registered --> [] [hook]
      pytest_plugin_registered [hook]
          plugin: <module '_pytest.threadexception' from '/home/chris/Desktop/automation/Html_report_making/venu/lib/python3.10/site-packages/_pytest/threadexception.py'>
          manager: <_pytest.config.PytestPluginManager object at 0x7f39f95482b0>
      finish pytest_plugin_registered --> [] [hook]
      pytest_plugin_registered [hook]
          plugin: <module '_pytest.faulthandler' from '/home/chris/Desktop/automation/Html_report_making/venu/lib/python3.10/site-packages/_pytest/faulthandler.py'>
          manager: <_pytest.config.PytestPluginManager object at 0x7f39f95482b0>
      finish pytest_plugin_registered --> [] [hook]
      pytest_plugin_registered [hook]
          plugin: <module 'pytest_html.plugin' from '/home/chris/Desktop/automation/Html_report_making/venu/lib/python3.10/site-packages/pytest_html/plugin.py'>
          manager: <_pytest.config.PytestPluginManager object at 0x7f39f95482b0>
      finish pytest_plugin_registered --> [] [hook]
      pytest_plugin_registered [hook]
          plugin: <module 'pytest_metadata.plugin' from '/home/chris/Desktop/automation/Html_report_making/venu/lib/python3.10/site-packages/pytest_metadata/plugin.py'>
          manager: <_pytest.config.PytestPluginManager object at 0x7f39f95482b0>
      finish pytest_plugin_registered --> [] [hook]
      pytest_plugin_registered [hook]
          plugin: <module 'pytest_excel.pytest_excel' from '/home/chris/Desktop/automation/Html_report_making/venu/lib/python3.10/site-packages/pytest_excel/pytest_excel.py'>
          manager: <_pytest.config.PytestPluginManager object at 0x7f39f95482b0>
      finish pytest_plugin_registered --> [] [hook]
      pytest_plugin_registered [hook]
          plugin: <module 'allure_pytest.plugin' from '/home/chris/Desktop/automation/Html_report_making/venu/lib/python3.10/site-packages/allure_pytest/plugin.py'>
          manager: <_pytest.config.PytestPluginManager object at 0x7f39f95482b0>
      finish pytest_plugin_registered --> [] [hook]
      pytest_plugin_registered [hook]
          plugin: <CaptureManager _method='fd' _global_capturing=<MultiCapture out=<FDCapture 1 oldfd=5 _state='suspended' tmpfile=<_io.TextIOWrapper name="<_io.FileIO name=6 mode='rb+' closefd=True>" mode='r+' encoding='utf-8'>> err=<FDCapture 2 oldfd=7 _state='suspended' tmpfile=<_io.TextIOWrapper name="<_io.FileIO name=8 mode='rb+' closefd=True>" mode='r+' encoding='utf-8'>> in_=<FDCapture 0 oldfd=3 _state='started' tmpfile=<_io.TextIOWrapper name='/dev/null' mode='r' encoding='utf-8'>> _state='suspended' _in_suspended=False> _capture_fixture=None>
          manager: <_pytest.config.PytestPluginManager object at 0x7f39f95482b0>
      finish pytest_plugin_registered --> [] [hook]
      pytest_plugin_registered [hook]
          plugin: <module 'test_cases.conftest' from '/home/chris/Desktop/automation/Html_report_making/test_cases/conftest.py'>
          manager: <_pytest.config.PytestPluginManager object at 0x7f39f95482b0>
      finish pytest_plugin_registered --> [] [hook]
      pytest_plugin_registered [hook]
          plugin: <Session Html_report_making exitstatus=<ExitCode.OK: 0> testsfailed=0 testscollected=0>
          manager: <_pytest.config.PytestPluginManager object at 0x7f39f95482b0>
      finish pytest_plugin_registered --> [] [hook]
      pytest_plugin_registered [hook]
          plugin: <_pytest.cacheprovider.LFPlugin object at 0x7f39ed1a8130>
          manager: <_pytest.config.PytestPluginManager object at 0x7f39f95482b0>
      finish pytest_plugin_registered --> [] [hook]
      pytest_plugin_registered [hook]
          plugin: <_pytest.cacheprovider.NFPlugin object at 0x7f39ed1a8400>
          manager: <_pytest.config.PytestPluginManager object at 0x7f39f95482b0>
      finish pytest_plugin_registered --> [] [hook]
      pytest_plugin_registered [hook]
          plugin: <pytest_excel.pytest_excel.ExcelReporter object at 0x7f39ed1a84f0>
          manager: <_pytest.config.PytestPluginManager object at 0x7f39f95482b0>
      finish pytest_plugin_registered --> [] [hook]
      pytest_plugin_registered [hook]
          plugin: <pytest_html.html_report.HTMLReport object at 0x7f39ed1aa110>
          manager: <_pytest.config.PytestPluginManager object at 0x7f39f95482b0>
      finish pytest_plugin_registered --> [] [hook]
      pytest_plugin_registered [hook]
          plugin: <class '_pytest.legacypath.LegacyTmpdirPlugin'>
          manager: <_pytest.config.PytestPluginManager object at 0x7f39f95482b0>
      finish pytest_plugin_registered --> [] [hook]
      pytest_plugin_registered [hook]
          plugin: <_pytest.terminal.TerminalReporter object at 0x7f39ed1aa620>
          manager: <_pytest.config.PytestPluginManager object at 0x7f39f95482b0>
      finish pytest_plugin_registered --> [] [hook]
      pytest_plugin_registered [hook]
          plugin: <_pytest.logging.LoggingPlugin object at 0x7f39ed1aac20>
          manager: <_pytest.config.PytestPluginManager object at 0x7f39f95482b0>
      finish pytest_plugin_registered --> [] [hook]
      pytest_plugin_registered [hook]
          plugin: <_pytest.fixtures.FixtureManager object at 0x7f39ed1ab310>
          manager: <_pytest.config.PytestPluginManager object at 0x7f39f95482b0>
      finish pytest_plugin_registered --> [] [hook]
      pytest_report_header [hook]
          config: <_pytest.config.Config object at 0x7f39f8c7b2b0>
          start_path: /home/chris/Desktop/automation/Html_report_making/test_cases/login_module
          startdir: /home/chris/Desktop/automation/Html_report_making/test_cases/login_module
      finish pytest_report_header --> [['rootdir: /home/chris/Desktop/automation/Html_report_making, configfile: pytest.ini', 'plugins: html-3.2.0, metadata-2.0.4, excel-1.5.0, allure-pytest-2.13.1'], ['using: pytest-7.2.1', 'setuptools registered plugins:', '  pytest-html-3.2.0 at /home/chris/Desktop/automation/Html_report_making/venu/lib/python3.10/site-packages/pytest_html/plugin.py', '  pytest-metadata-2.0.4 at /home/chris/Desktop/automation/Html_report_making/venu/lib/python3.10/site-packages/pytest_metadata/plugin.py', '  pytest-excel-1.5.0 at /home/chris/Desktop/automation/Html_report_making/venu/lib/python3.10/site-packages/pytest_excel/pytest_excel.py', '  allure-pytest-2.13.1 at /home/chris/Desktop/automation/Html_report_making/venu/lib/python3.10/site-packages/allure_pytest/plugin.py']] [hook]
    finish pytest_sessionstart --> [] [hook]
    pytest_collection [hook]
        session: <Session Html_report_making exitstatus=<ExitCode.OK: 0> testsfailed=0 testscollected=0>
    perform_collect <Session Html_report_making exitstatus=<ExitCode.OK: 0> testsfailed=0 testscollected=0> ['/home/chris/Desktop/automation/Html_report_making/test_cases/login_module'] [collection]
        pytest_collectstart [hook]
            collector: <Session Html_report_making exitstatus=<ExitCode.OK: 0> testsfailed=0 testscollected=0>
        finish pytest_collectstart --> [] [hook]
        pytest_make_collect_report [hook]
            collector: <Session Html_report_making exitstatus=<ExitCode.OK: 0> testsfailed=0 testscollected=0>
        processing argument (PosixPath('/home/chris/Desktop/automation/Html_report_making/test_cases/login_module'), []) [collection]
            pytest_ignore_collect [hook]
                config: <_pytest.config.Config object at 0x7f39f8c7b2b0>
                collection_path: /home/chris/Desktop/automation/Html_report_making/test_cases/__init__.py
                path: /home/chris/Desktop/automation/Html_report_making/test_cases/__init__.py
            finish pytest_ignore_collect --> None [hook]
            pytest_collect_file [hook]
                parent: <Session Html_report_making exitstatus=<ExitCode.OK: 0> testsfailed=0 testscollected=0>
                file_path: /home/chris/Desktop/automation/Html_report_making/test_cases/__init__.py
                path: /home/chris/Desktop/automation/Html_report_making/test_cases/__init__.py
              pytest_pycollect_makemodule [hook]
                  parent: <Session Html_report_making exitstatus=<ExitCode.OK: 0> testsfailed=0 testscollected=0>
                  module_path: /home/chris/Desktop/automation/Html_report_making/test_cases/__init__.py
                  path: /home/chris/Desktop/automation/Html_report_making/test_cases/__init__.py
              finish pytest_pycollect_makemodule --> <Package test_cases> [hook]
            finish pytest_collect_file --> [<Package test_cases>] [hook]
            pytest_ignore_collect [hook]
                config: <_pytest.config.Config object at 0x7f39f8c7b2b0>
                collection_path: /home/chris/Desktop/automation/Html_report_making/test_cases/login_module/automation.log
                path: /home/chris/Desktop/automation/Html_report_making/test_cases/login_module/automation.log
            finish pytest_ignore_collect --> None [hook]
            pytest_collect_file [hook]
                parent: <Session Html_report_making exitstatus=<ExitCode.OK: 0> testsfailed=0 testscollected=0>
                file_path: /home/chris/Desktop/automation/Html_report_making/test_cases/login_module/automation.log
                path: /home/chris/Desktop/automation/Html_report_making/test_cases/login_module/automation.log
            finish pytest_collect_file --> [] [hook]
            pytest_ignore_collect [hook]
                config: <_pytest.config.Config object at 0x7f39f8c7b2b0>
                collection_path: /home/chris/Desktop/automation/Html_report_making/test_cases/login_module/pytestdebug.log
                path: /home/chris/Desktop/automation/Html_report_making/test_cases/login_module/pytestdebug.log
            finish pytest_ignore_collect --> None [hook]
            pytest_collect_file [hook]
                parent: <Session Html_report_making exitstatus=<ExitCode.OK: 0> testsfailed=0 testscollected=0>
                file_path: /home/chris/Desktop/automation/Html_report_making/test_cases/login_module/pytestdebug.log
                path: /home/chris/Desktop/automation/Html_report_making/test_cases/login_module/pytestdebug.log
            finish pytest_collect_file --> [] [hook]
            pytest_ignore_collect [hook]
                config: <_pytest.config.Config object at 0x7f39f8c7b2b0>
                collection_path: /home/chris/Desktop/automation/Html_report_making/test_cases/login_module/test_login.py
                path: /home/chris/Desktop/automation/Html_report_making/test_cases/login_module/test_login.py
            finish pytest_ignore_collect --> None [hook]
            pytest_collect_file [hook]
                parent: <Session Html_report_making exitstatus=<ExitCode.OK: 0> testsfailed=0 testscollected=0>
                file_path: /home/chris/Desktop/automation/Html_report_making/test_cases/login_module/test_login.py
                path: /home/chris/Desktop/automation/Html_report_making/test_cases/login_module/test_login.py
              pytest_pycollect_makemodule [hook]
                  parent: <Session Html_report_making exitstatus=<ExitCode.OK: 0> testsfailed=0 testscollected=0>
                  module_path: /home/chris/Desktop/automation/Html_report_making/test_cases/login_module/test_login.py
                  path: /home/chris/Desktop/automation/Html_report_making/test_cases/login_module/test_login.py
              finish pytest_pycollect_makemodule --> <Module test_cases/login_module/test_login.py> [hook]
            finish pytest_collect_file --> [<Module test_cases/login_module/test_login.py>] [hook]
            pytest_ignore_collect [hook]
                config: <_pytest.config.Config object at 0x7f39f8c7b2b0>
                collection_path: /home/chris/Desktop/automation/Html_report_making/test_cases/login_module/.pytest_cache
                path: /home/chris/Desktop/automation/Html_report_making/test_cases/login_module/.pytest_cache
            finish pytest_ignore_collect --> None [hook]
        finish pytest_make_collect_report --> <CollectReport '' lenresult=1 outcome='passed'> [hook]
        pytest_collectreport [hook]
            report: <CollectReport '' lenresult=1 outcome='passed'>
        finish pytest_collectreport --> [] [hook]
    genitems <Module test_cases/login_module/test_login.py> [collection]
      pytest_collectstart [hook]
          collector: <Module test_cases/login_module/test_login.py>
      finish pytest_collectstart --> [] [hook]
      pytest_make_collect_report [hook]
          collector: <Module test_cases/login_module/test_login.py>
      find_module called for: test_login [assertion]
      matched test file '/home/chris/Desktop/automation/Html_report_making/test_cases/login_module/test_login.py' [assertion]
      found cached rewritten pyc for /home/chris/Desktop/automation/Html_report_making/test_cases/login_module/test_login.py [assertion]
      early skip of rewriting module: pages [assertion]
      early skip of rewriting module: pages.login_page [assertion]
      early skip of rewriting module: utilities [assertion]
      early skip of rewriting module: utilities.utilities [assertion]
      early skip of rewriting module: pages.home_page [assertion]
      early skip of rewriting module: selenium.webdriver.support.ui [assertion]
      early skip of rewriting module: selenium.webdriver.support.select [assertion]
      early skip of rewriting module: selenium.webdriver.support.expected_conditions [assertion]
        pytest_pycollect_makeitem [hook]
            collector: <Module test_cases/login_module/test_login.py>
            name: @py_builtins
            obj: <module 'builtins' (built-in)>
        finish pytest_pycollect_makeitem --> None [hook]
        pytest_pycollect_makeitem [hook]
            collector: <Module test_cases/login_module/test_login.py>
            name: @pytest_ar
            obj: <module '_pytest.assertion.rewrite' from '/home/chris/Desktop/automation/Html_report_making/venu/lib/python3.10/site-packages/_pytest/assertion/rewrite.py'>
        finish pytest_pycollect_makeitem --> None [hook]
        pytest_pycollect_makeitem [hook]
            collector: <Module test_cases/login_module/test_login.py>
            name: time
            obj: <module 'time' (built-in)>
        finish pytest_pycollect_makeitem --> None [hook]
        pytest_pycollect_makeitem [hook]
            collector: <Module test_cases/login_module/test_login.py>
            name: pytest
            obj: <module 'pytest' from '/home/chris/Desktop/automation/Html_report_making/venu/lib/python3.10/site-packages/pytest/__init__.py'>
        finish pytest_pycollect_makeitem --> None [hook]
        pytest_pycollect_makeitem [hook]
            collector: <Module test_cases/login_module/test_login.py>
            name: LoginPage
            obj: <class 'pages.login_page.LoginPage'>
        finish pytest_pycollect_makeitem --> None [hook]
        pytest_pycollect_makeitem [hook]
            collector: <Module test_cases/login_module/test_login.py>
            name: HomePage
            obj: <class 'pages.home_page.HomePage'>
        finish pytest_pycollect_makeitem --> None [hook]
        pytest_pycollect_makeitem [hook]
            collector: <Module test_cases/login_module/test_login.py>
            name: Test_Credential
            obj: <class 'test_login.Test_Credential'>
        finish pytest_pycollect_makeitem --> <Class Test_Credential> [hook]
      finish pytest_make_collect_report --> <CollectReport 'test_cases/login_module/test_login.py' lenresult=1 outcome='passed'> [hook]
    genitems <Class Test_Credential> [collection]
      pytest_collectstart [hook]
          collector: <Class Test_Credential>
      finish pytest_collectstart --> [] [hook]
      pytest_make_collect_report [hook]
          collector: <Class Test_Credential>
        pytest_pycollect_makeitem [hook]
            collector: <Class Test_Credential>
            name: class_setup
            obj: <function Test_Credential.class_setup at 0x7f39ed0c2b00>
        finish pytest_pycollect_makeitem --> None [hook]
        pytest_pycollect_makeitem [hook]
            collector: <Class Test_Credential>
            name: test_01_invalid_username
            obj: <function Test_Credential.test_01_invalid_username at 0x7f39ed0c2b90>
          pytest_generate_tests [hook]
              metafunc: <_pytest.python.Metafunc object at 0x7f39ed1dec20>
          finish pytest_generate_tests --> [] [hook]
        finish pytest_pycollect_makeitem --> [<Function test_01_invalid_username>] [hook]
        pytest_pycollect_makeitem [hook]
            collector: <Class Test_Credential>
            name: test_02_invalid_password
            obj: <function Test_Credential.test_02_invalid_password at 0x7f39ed0c2c20>
          pytest_generate_tests [hook]
              metafunc: <_pytest.python.Metafunc object at 0x7f39ed1dc7f0>
          finish pytest_generate_tests --> [] [hook]
        finish pytest_pycollect_makeitem --> [<Function test_02_invalid_password>] [hook]
        pytest_pycollect_makeitem [hook]
            collector: <Class Test_Credential>
            name: test_03_invalid_username_and_password
            obj: <function Test_Credential.test_03_invalid_username_and_password at 0x7f39ed0c2cb0>
          pytest_generate_tests [hook]
              metafunc: <_pytest.python.Metafunc object at 0x7f39ed1deec0>
          finish pytest_generate_tests --> [] [hook]
        finish pytest_pycollect_makeitem --> [<Function test_03_invalid_username_and_password>] [hook]
        pytest_pycollect_makeitem [hook]
            collector: <Class Test_Credential>
            name: test_04_valid_username_and_password
            obj: <function Test_Credential.test_04_valid_username_and_password at 0x7f39ed0c2d40>
          pytest_generate_tests [hook]
              metafunc: <_pytest.python.Metafunc object at 0x7f39ed1df070>
          finish pytest_generate_tests --> [] [hook]
        finish pytest_pycollect_makeitem --> [<Function test_04_valid_username_and_password>] [hook]
        pytest_pycollect_makeitem [hook]
            collector: <Class Test_Credential>
            name: pytestmark
            obj: [Mark(name='usefixtures', args=('setup',), kwargs={})]
        finish pytest_pycollect_makeitem --> None [hook]
      finish pytest_make_collect_report --> <CollectReport 'test_cases/login_module/test_login.py::Test_Credential' lenresult=4 outcome='passed'> [hook]
    genitems <Function test_01_invalid_username> [collection]
      pytest_itemcollected [hook]
          item: <Function test_01_invalid_username>
      finish pytest_itemcollected --> [] [hook]
    genitems <Function test_02_invalid_password> [collection]
      pytest_itemcollected [hook]
          item: <Function test_02_invalid_password>
      finish pytest_itemcollected --> [] [hook]
    genitems <Function test_03_invalid_username_and_password> [collection]
      pytest_itemcollected [hook]
          item: <Function test_03_invalid_username_and_password>
      finish pytest_itemcollected --> [] [hook]
    genitems <Function test_04_valid_username_and_password> [collection]
      pytest_itemcollected [hook]
          item: <Function test_04_valid_username_and_password>
      finish pytest_itemcollected --> [] [hook]
      pytest_collectreport [hook]
          report: <CollectReport 'test_cases/login_module/test_login.py::Test_Credential' lenresult=4 outcome='passed'>
      finish pytest_collectreport --> [] [hook]
      pytest_collectreport [hook]
          report: <CollectReport 'test_cases/login_module/test_login.py' lenresult=1 outcome='passed'>
      finish pytest_collectreport --> [] [hook]
      pytest_collection_modifyitems [hook]
          session: <Session Html_report_making exitstatus=<ExitCode.OK: 0> testsfailed=0 testscollected=0>
          config: <_pytest.config.Config object at 0x7f39f8c7b2b0>
          items: [<Function test_01_invalid_username>, <Function test_02_invalid_password>, <Function test_03_invalid_username_and_password>, <Function test_04_valid_username_and_password>]
      finish pytest_collection_modifyitems --> [] [hook]
      pytest_collection_finish [hook]
          session: <Session Html_report_making exitstatus=<ExitCode.OK: 0> testsfailed=0 testscollected=0>
        pytest_report_collectionfinish [hook]
            config: <_pytest.config.Config object at 0x7f39f8c7b2b0>
            items: [<Function test_01_invalid_username>, <Function test_02_invalid_password>, <Function test_03_invalid_username_and_password>, <Function test_04_valid_username_and_password>]
            start_path: /home/chris/Desktop/automation/Html_report_making/test_cases/login_module
            startdir: /home/chris/Desktop/automation/Html_report_making/test_cases/login_module
        finish pytest_report_collectionfinish --> [] [hook]
      finish pytest_collection_finish --> [] [hook]
    finish pytest_collection --> None [hook]
    pytest_runtestloop [hook]
        session: <Session Html_report_making exitstatus=<ExitCode.OK: 0> testsfailed=0 testscollected=4>
      pytest_runtest_protocol [hook]
          item: <Function test_01_invalid_username>
          nextitem: <Function test_02_invalid_password>
        pytest_runtest_logstart [hook]
            nodeid: test_cases/login_module/test_login.py::Test_Credential::test_01_invalid_username
            location: ('test_cases/login_module/test_login.py', 14, 'Test_Credential.test_01_invalid_username')
        finish pytest_runtest_logstart --> [] [hook]
        pytest_runtest_setup [hook]
            item: <Function test_01_invalid_username>
          pytest_fixture_setup [hook]
              fixturedef: <FixtureDef argname='setup' scope='class' baseid='test_cases'>
              request: <SubRequest 'setup' for <Function test_01_invalid_username>>
          finish pytest_fixture_setup --> None [hook]
          pytest_fixture_setup [hook]
              fixturedef: <FixtureDef argname='class_setup' scope='function' baseid='test_cases/login_module/test_login.py::Test_Credential'>
              request: <SubRequest 'class_setup' for <Function test_01_invalid_username>>
          finish pytest_fixture_setup --> None [hook]
        finish pytest_runtest_setup --> [] [hook]
        pytest_runtest_makereport [hook]
            item: <Function test_01_invalid_username>
            call: <CallInfo when='setup' result: []>
        finish pytest_runtest_makereport --> <TestReport 'test_cases/login_module/test_login.py::Test_Credential::test_01_invalid_username' when='setup' outcome='passed'> [hook]
        pytest_runtest_logreport [hook]
            report: <TestReport 'test_cases/login_module/test_login.py::Test_Credential::test_01_invalid_username' when='setup' outcome='passed'>
          pytest_report_teststatus [hook]
              report: <TestReport 'test_cases/login_module/test_login.py::Test_Credential::test_01_invalid_username' when='setup' outcome='passed'>
              config: <_pytest.config.Config object at 0x7f39f8c7b2b0>
          finish pytest_report_teststatus --> ('', '', '') [hook]
        finish pytest_runtest_logreport --> [] [hook]
        pytest_runtest_call [hook]
            item: <Function test_01_invalid_username>
          pytest_pyfunc_call [hook]
              pyfuncitem: <Function test_01_invalid_username>
        pytest_runtest_makereport [hook]
            item: <Function test_01_invalid_username>
            call: <CallInfo when='call' excinfo=<ExceptionInfo AssertionError('login Failed') tblen=26>>
        finish pytest_runtest_makereport --> <TestReport 'test_cases/login_module/test_login.py::Test_Credential::test_01_invalid_username' when='call' outcome='failed'> [hook]
        pytest_runtest_logreport [hook]
            report: <TestReport 'test_cases/login_module/test_login.py::Test_Credential::test_01_invalid_username' when='call' outcome='failed'>
          pytest_report_teststatus [hook]
              report: <TestReport 'test_cases/login_module/test_login.py::Test_Credential::test_01_invalid_username' when='call' outcome='failed'>
              config: <_pytest.config.Config object at 0x7f39f8c7b2b0>
          finish pytest_report_teststatus --> ('failed', 'F', 'FAILED') [hook]
        finish pytest_runtest_logreport --> [] [hook]
        pytest_exception_interact [hook]
            node: <Function test_01_invalid_username>
            call: <CallInfo when='call' excinfo=<ExceptionInfo AssertionError('login Failed') tblen=2>>
            report: <TestReport 'test_cases/login_module/test_login.py::Test_Credential::test_01_invalid_username' when='call' outcome='failed'>
        finish pytest_exception_interact --> [] [hook]
        pytest_runtest_teardown [hook]
            item: <Function test_01_invalid_username>
            nextitem: <Function test_02_invalid_password>
          pytest_fixture_post_finalizer [hook]
              fixturedef: <FixtureDef argname='class_setup' scope='function' baseid='test_cases/login_module/test_login.py::Test_Credential'>
              request: <SubRequest 'class_setup' for <Function test_01_invalid_username>>
          finish pytest_fixture_post_finalizer --> [] [hook]
        finish pytest_runtest_teardown --> [] [hook]
        pytest_runtest_makereport [hook]
            item: <Function test_01_invalid_username>
            call: <CallInfo when='teardown' result: []>
        finish pytest_runtest_makereport --> <TestReport 'test_cases/login_module/test_login.py::Test_Credential::test_01_invalid_username' when='teardown' outcome='passed'> [hook]
        pytest_runtest_logreport [hook]
            report: <TestReport 'test_cases/login_module/test_login.py::Test_Credential::test_01_invalid_username' when='teardown' outcome='passed'>
          pytest_report_teststatus [hook]
              report: <TestReport 'test_cases/login_module/test_login.py::Test_Credential::test_01_invalid_username' when='teardown' outcome='passed'>
              config: <_pytest.config.Config object at 0x7f39f8c7b2b0>
          finish pytest_report_teststatus --> ('', '', '') [hook]
        finish pytest_runtest_logreport --> [] [hook]
        pytest_runtest_logfinish [hook]
            nodeid: test_cases/login_module/test_login.py::Test_Credential::test_01_invalid_username
            location: ('test_cases/login_module/test_login.py', 14, 'Test_Credential.test_01_invalid_username')
        finish pytest_runtest_logfinish --> [] [hook]
      finish pytest_runtest_protocol --> True [hook]
      pytest_runtest_protocol [hook]
          item: <Function test_02_invalid_password>
          nextitem: <Function test_03_invalid_username_and_password>
        pytest_runtest_logstart [hook]
            nodeid: test_cases/login_module/test_login.py::Test_Credential::test_02_invalid_password
            location: ('test_cases/login_module/test_login.py', 18, 'Test_Credential.test_02_invalid_password')
        finish pytest_runtest_logstart --> [] [hook]
        pytest_runtest_setup [hook]
            item: <Function test_02_invalid_password>
          pytest_fixture_setup [hook]
              fixturedef: <FixtureDef argname='class_setup' scope='function' baseid='test_cases/login_module/test_login.py::Test_Credential'>
              request: <SubRequest 'class_setup' for <Function test_02_invalid_password>>
          finish pytest_fixture_setup --> None [hook]
        finish pytest_runtest_setup --> [] [hook]
        pytest_runtest_makereport [hook]
            item: <Function test_02_invalid_password>
            call: <CallInfo when='setup' result: []>
        finish pytest_runtest_makereport --> <TestReport 'test_cases/login_module/test_login.py::Test_Credential::test_02_invalid_password' when='setup' outcome='passed'> [hook]
        pytest_runtest_logreport [hook]
            report: <TestReport 'test_cases/login_module/test_login.py::Test_Credential::test_02_invalid_password' when='setup' outcome='passed'>
          pytest_report_teststatus [hook]
              report: <TestReport 'test_cases/login_module/test_login.py::Test_Credential::test_02_invalid_password' when='setup' outcome='passed'>
              config: <_pytest.config.Config object at 0x7f39f8c7b2b0>
          finish pytest_report_teststatus --> ('', '', '') [hook]
        finish pytest_runtest_logreport --> [] [hook]
        pytest_runtest_call [hook]
            item: <Function test_02_invalid_password>
          pytest_pyfunc_call [hook]
              pyfuncitem: <Function test_02_invalid_password>
        pytest_runtest_makereport [hook]
            item: <Function test_02_invalid_password>
            call: <CallInfo when='call' excinfo=<ExceptionInfo AssertionError('login Failed') tblen=26>>
        finish pytest_runtest_makereport --> <TestReport 'test_cases/login_module/test_login.py::Test_Credential::test_02_invalid_password' when='call' outcome='failed'> [hook]
        pytest_runtest_logreport [hook]
            report: <TestReport 'test_cases/login_module/test_login.py::Test_Credential::test_02_invalid_password' when='call' outcome='failed'>
          pytest_report_teststatus [hook]
              report: <TestReport 'test_cases/login_module/test_login.py::Test_Credential::test_02_invalid_password' when='call' outcome='failed'>
              config: <_pytest.config.Config object at 0x7f39f8c7b2b0>
          finish pytest_report_teststatus --> ('failed', 'F', 'FAILED') [hook]
        finish pytest_runtest_logreport --> [] [hook]
        pytest_exception_interact [hook]
            node: <Function test_02_invalid_password>
            call: <CallInfo when='call' excinfo=<ExceptionInfo AssertionError('login Failed') tblen=2>>
            report: <TestReport 'test_cases/login_module/test_login.py::Test_Credential::test_02_invalid_password' when='call' outcome='failed'>
        finish pytest_exception_interact --> [] [hook]
        pytest_runtest_teardown [hook]
            item: <Function test_02_invalid_password>
            nextitem: <Function test_03_invalid_username_and_password>
          pytest_fixture_post_finalizer [hook]
              fixturedef: <FixtureDef argname='class_setup' scope='function' baseid='test_cases/login_module/test_login.py::Test_Credential'>
              request: <SubRequest 'class_setup' for <Function test_02_invalid_password>>
          finish pytest_fixture_post_finalizer --> [] [hook]
        finish pytest_runtest_teardown --> [] [hook]
        pytest_runtest_makereport [hook]
            item: <Function test_02_invalid_password>
            call: <CallInfo when='teardown' result: []>
        finish pytest_runtest_makereport --> <TestReport 'test_cases/login_module/test_login.py::Test_Credential::test_02_invalid_password' when='teardown' outcome='passed'> [hook]
        pytest_runtest_logreport [hook]
            report: <TestReport 'test_cases/login_module/test_login.py::Test_Credential::test_02_invalid_password' when='teardown' outcome='passed'>
          pytest_report_teststatus [hook]
              report: <TestReport 'test_cases/login_module/test_login.py::Test_Credential::test_02_invalid_password' when='teardown' outcome='passed'>
              config: <_pytest.config.Config object at 0x7f39f8c7b2b0>
          finish pytest_report_teststatus --> ('', '', '') [hook]
        finish pytest_runtest_logreport --> [] [hook]
        pytest_runtest_logfinish [hook]
            nodeid: test_cases/login_module/test_login.py::Test_Credential::test_02_invalid_password
            location: ('test_cases/login_module/test_login.py', 18, 'Test_Credential.test_02_invalid_password')
        finish pytest_runtest_logfinish --> [] [hook]
      finish pytest_runtest_protocol --> True [hook]
      pytest_runtest_protocol [hook]
          item: <Function test_03_invalid_username_and_password>
          nextitem: <Function test_04_valid_username_and_password>
        pytest_runtest_logstart [hook]
            nodeid: test_cases/login_module/test_login.py::Test_Credential::test_03_invalid_username_and_password
            location: ('test_cases/login_module/test_login.py', 22, 'Test_Credential.test_03_invalid_username_and_password')
        finish pytest_runtest_logstart --> [] [hook]
        pytest_runtest_setup [hook]
            item: <Function test_03_invalid_username_and_password>
          pytest_fixture_setup [hook]
              fixturedef: <FixtureDef argname='class_setup' scope='function' baseid='test_cases/login_module/test_login.py::Test_Credential'>
              request: <SubRequest 'class_setup' for <Function test_03_invalid_username_and_password>>
          finish pytest_fixture_setup --> None [hook]
        finish pytest_runtest_setup --> [] [hook]
        pytest_runtest_makereport [hook]
            item: <Function test_03_invalid_username_and_password>
            call: <CallInfo when='setup' result: []>
        finish pytest_runtest_makereport --> <TestReport 'test_cases/login_module/test_login.py::Test_Credential::test_03_invalid_username_and_password' when='setup' outcome='passed'> [hook]
        pytest_runtest_logreport [hook]
            report: <TestReport 'test_cases/login_module/test_login.py::Test_Credential::test_03_invalid_username_and_password' when='setup' outcome='passed'>
          pytest_report_teststatus [hook]
              report: <TestReport 'test_cases/login_module/test_login.py::Test_Credential::test_03_invalid_username_and_password' when='setup' outcome='passed'>
              config: <_pytest.config.Config object at 0x7f39f8c7b2b0>
          finish pytest_report_teststatus --> ('', '', '') [hook]
        finish pytest_runtest_logreport --> [] [hook]
        pytest_runtest_call [hook]
            item: <Function test_03_invalid_username_and_password>
          pytest_pyfunc_call [hook]
              pyfuncitem: <Function test_03_invalid_username_and_password>
        pytest_runtest_makereport [hook]
            item: <Function test_03_invalid_username_and_password>
            call: <CallInfo when='call' excinfo=<ExceptionInfo AssertionError('login Failed') tblen=26>>
        finish pytest_runtest_makereport --> <TestReport 'test_cases/login_module/test_login.py::Test_Credential::test_03_invalid_username_and_password' when='call' outcome='failed'> [hook]
        pytest_runtest_logreport [hook]
            report: <TestReport 'test_cases/login_module/test_login.py::Test_Credential::test_03_invalid_username_and_password' when='call' outcome='failed'>
          pytest_report_teststatus [hook]
              report: <TestReport 'test_cases/login_module/test_login.py::Test_Credential::test_03_invalid_username_and_password' when='call' outcome='failed'>
              config: <_pytest.config.Config object at 0x7f39f8c7b2b0>
          finish pytest_report_teststatus --> ('failed', 'F', 'FAILED') [hook]
        finish pytest_runtest_logreport --> [] [hook]
        pytest_exception_interact [hook]
            node: <Function test_03_invalid_username_and_password>
            call: <CallInfo when='call' excinfo=<ExceptionInfo AssertionError('login Failed') tblen=2>>
            report: <TestReport 'test_cases/login_module/test_login.py::Test_Credential::test_03_invalid_username_and_password' when='call' outcome='failed'>
        finish pytest_exception_interact --> [] [hook]
        pytest_runtest_teardown [hook]
            item: <Function test_03_invalid_username_and_password>
            nextitem: <Function test_04_valid_username_and_password>
          pytest_fixture_post_finalizer [hook]
              fixturedef: <FixtureDef argname='class_setup' scope='function' baseid='test_cases/login_module/test_login.py::Test_Credential'>
              request: <SubRequest 'class_setup' for <Function test_03_invalid_username_and_password>>
          finish pytest_fixture_post_finalizer --> [] [hook]
        finish pytest_runtest_teardown --> [] [hook]
        pytest_runtest_makereport [hook]
            item: <Function test_03_invalid_username_and_password>
            call: <CallInfo when='teardown' result: []>
        finish pytest_runtest_makereport --> <TestReport 'test_cases/login_module/test_login.py::Test_Credential::test_03_invalid_username_and_password' when='teardown' outcome='passed'> [hook]
        pytest_runtest_logreport [hook]
            report: <TestReport 'test_cases/login_module/test_login.py::Test_Credential::test_03_invalid_username_and_password' when='teardown' outcome='passed'>
          pytest_report_teststatus [hook]
              report: <TestReport 'test_cases/login_module/test_login.py::Test_Credential::test_03_invalid_username_and_password' when='teardown' outcome='passed'>
              config: <_pytest.config.Config object at 0x7f39f8c7b2b0>
          finish pytest_report_teststatus --> ('', '', '') [hook]
        finish pytest_runtest_logreport --> [] [hook]
        pytest_runtest_logfinish [hook]
            nodeid: test_cases/login_module/test_login.py::Test_Credential::test_03_invalid_username_and_password
            location: ('test_cases/login_module/test_login.py', 22, 'Test_Credential.test_03_invalid_username_and_password')
        finish pytest_runtest_logfinish --> [] [hook]
      finish pytest_runtest_protocol --> True [hook]
      pytest_runtest_protocol [hook]
          item: <Function test_04_valid_username_and_password>
          nextitem: None
        pytest_runtest_logstart [hook]
            nodeid: test_cases/login_module/test_login.py::Test_Credential::test_04_valid_username_and_password
            location: ('test_cases/login_module/test_login.py', 26, 'Test_Credential.test_04_valid_username_and_password')
        finish pytest_runtest_logstart --> [] [hook]
        pytest_runtest_setup [hook]
            item: <Function test_04_valid_username_and_password>
          pytest_fixture_setup [hook]
              fixturedef: <FixtureDef argname='class_setup' scope='function' baseid='test_cases/login_module/test_login.py::Test_Credential'>
              request: <SubRequest 'class_setup' for <Function test_04_valid_username_and_password>>
          finish pytest_fixture_setup --> None [hook]
        finish pytest_runtest_setup --> [] [hook]
        pytest_runtest_makereport [hook]
            item: <Function test_04_valid_username_and_password>
            call: <CallInfo when='setup' result: []>
        finish pytest_runtest_makereport --> <TestReport 'test_cases/login_module/test_login.py::Test_Credential::test_04_valid_username_and_password' when='setup' outcome='passed'> [hook]
        pytest_runtest_logreport [hook]
            report: <TestReport 'test_cases/login_module/test_login.py::Test_Credential::test_04_valid_username_and_password' when='setup' outcome='passed'>
          pytest_report_teststatus [hook]
              report: <TestReport 'test_cases/login_module/test_login.py::Test_Credential::test_04_valid_username_and_password' when='setup' outcome='passed'>
              config: <_pytest.config.Config object at 0x7f39f8c7b2b0>
          finish pytest_report_teststatus --> ('', '', '') [hook]
        finish pytest_runtest_logreport --> [] [hook]
        pytest_runtest_call [hook]
            item: <Function test_04_valid_username_and_password>
          pytest_pyfunc_call [hook]
              pyfuncitem: <Function test_04_valid_username_and_password>
          finish pytest_pyfunc_call --> True [hook]
        finish pytest_runtest_call --> [] [hook]
        pytest_runtest_makereport [hook]
            item: <Function test_04_valid_username_and_password>
            call: <CallInfo when='call' result: []>
        finish pytest_runtest_makereport --> <TestReport 'test_cases/login_module/test_login.py::Test_Credential::test_04_valid_username_and_password' when='call' outcome='passed'> [hook]
        pytest_runtest_logreport [hook]
            report: <TestReport 'test_cases/login_module/test_login.py::Test_Credential::test_04_valid_username_and_password' when='call' outcome='passed'>
          pytest_report_teststatus [hook]
              report: <TestReport 'test_cases/login_module/test_login.py::Test_Credential::test_04_valid_username_and_password' when='call' outcome='passed'>
              config: <_pytest.config.Config object at 0x7f39f8c7b2b0>
          finish pytest_report_teststatus --> ('passed', '.', 'PASSED') [hook]
        finish pytest_runtest_logreport --> [] [hook]
        pytest_runtest_teardown [hook]
            item: <Function test_04_valid_username_and_password>
            nextitem: None
          pytest_fixture_post_finalizer [hook]
              fixturedef: <FixtureDef argname='class_setup' scope='function' baseid='test_cases/login_module/test_login.py::Test_Credential'>
              request: <SubRequest 'class_setup' for <Function test_04_valid_username_and_password>>
          finish pytest_fixture_post_finalizer --> [] [hook]
          pytest_fixture_post_finalizer [hook]
              fixturedef: <FixtureDef argname='setup' scope='class' baseid='test_cases'>
              request: <SubRequest 'setup' for <Function test_04_valid_username_and_password>>
          finish pytest_fixture_post_finalizer --> [] [hook]
          pytest_fixture_post_finalizer [hook]
              fixturedef: <FixtureDef argname='setup' scope='class' baseid='test_cases'>
              request: <SubRequest 'setup' for <Function test_03_invalid_username_and_password>>
          finish pytest_fixture_post_finalizer --> [] [hook]
          pytest_fixture_post_finalizer [hook]
              fixturedef: <FixtureDef argname='setup' scope='class' baseid='test_cases'>
              request: <SubRequest 'setup' for <Function test_02_invalid_password>>
          finish pytest_fixture_post_finalizer --> [] [hook]
          pytest_fixture_post_finalizer [hook]
              fixturedef: <FixtureDef argname='setup' scope='class' baseid='test_cases'>
              request: <SubRequest 'setup' for <Function test_01_invalid_username>>
          finish pytest_fixture_post_finalizer --> [] [hook]
        finish pytest_runtest_teardown --> [] [hook]
        pytest_runtest_makereport [hook]
            item: <Function test_04_valid_username_and_password>
            call: <CallInfo when='teardown' result: []>
        finish pytest_runtest_makereport --> <TestReport 'test_cases/login_module/test_login.py::Test_Credential::test_04_valid_username_and_password' when='teardown' outcome='passed'> [hook]
        pytest_runtest_logreport [hook]
            report: <TestReport 'test_cases/login_module/test_login.py::Test_Credential::test_04_valid_username_and_password' when='teardown' outcome='passed'>
          pytest_report_teststatus [hook]
              report: <TestReport 'test_cases/login_module/test_login.py::Test_Credential::test_04_valid_username_and_password' when='teardown' outcome='passed'>
              config: <_pytest.config.Config object at 0x7f39f8c7b2b0>
          finish pytest_report_teststatus --> ('', '', '') [hook]
        finish pytest_runtest_logreport --> [] [hook]
        pytest_runtest_logfinish [hook]
            nodeid: test_cases/login_module/test_login.py::Test_Credential::test_04_valid_username_and_password
            location: ('test_cases/login_module/test_login.py', 26, 'Test_Credential.test_04_valid_username_and_password')
        finish pytest_runtest_logfinish --> [] [hook]
      finish pytest_runtest_protocol --> True [hook]
    finish pytest_runtestloop --> True [hook]
    pytest_sessionfinish [hook]
        session: <Session Html_report_making exitstatus=<ExitCode.TESTS_FAILED: 1> testsfailed=3 testscollected=4>
        exitstatus: 1
    early skip of rewriting module: encodings.unicode_escape [assertion]
    early skip of rewriting module: ansi2html [assertion]
      pytest_html_results_table_row [hook]
          report: <TestReport 'test_cases/login_module/test_login.py::Test_Credential::test_01_invalid_username' when='call' outcome='failed'>
          cells: [<'td' tag object 139886767123776>, <'td' tag object 139886767117456>, <'td' tag object 139886767117536>, <'td' tag object 139886767117776>]
      finish pytest_html_results_table_row --> [] [hook]
      pytest_html_results_table_html [hook]
          report: <TestReport 'test_cases/login_module/test_login.py::Test_Credential::test_01_invalid_username' when='call' outcome='failed'>
          data: [<'div' tag object 139886766496944>, <'div' tag object 139886766831904>]
      finish pytest_html_results_table_html --> [] [hook]
      pytest_html_results_table_row [hook]
          report: <TestReport 'test_cases/login_module/test_login.py::Test_Credential::test_02_invalid_password' when='call' outcome='failed'>
          cells: [<'td' tag object 139886767126096>, <'td' tag object 139886767125456>, <'td' tag object 139886767125776>, <'td' tag object 139886767116896>]
      finish pytest_html_results_table_row --> [] [hook]
      pytest_html_results_table_html [hook]
          report: <TestReport 'test_cases/login_module/test_login.py::Test_Credential::test_02_invalid_password' when='call' outcome='failed'>
          data: [<'div' tag object 139886767118416>, <'div' tag object 139886767120256>]
      finish pytest_html_results_table_html --> [] [hook]
      pytest_html_results_table_row [hook]
          report: <TestReport 'test_cases/login_module/test_login.py::Test_Credential::test_03_invalid_username_and_password' when='call' outcome='failed'>
          cells: [<'td' tag object 139886767114016>, <'td' tag object 139886767124656>, <'td' tag object 139886767112416>, <'td' tag object 139886767128016>]
      finish pytest_html_results_table_row --> [] [hook]
      pytest_html_results_table_html [hook]
          report: <TestReport 'test_cases/login_module/test_login.py::Test_Credential::test_03_invalid_username_and_password' when='call' outcome='failed'>
          data: [<'div' tag object 139886767123456>, <'div' tag object 139886767127696>]
      finish pytest_html_results_table_html --> [] [hook]
      pytest_html_results_table_row [hook]
          report: <TestReport 'test_cases/login_module/test_login.py::Test_Credential::test_04_valid_username_and_password' when='call' outcome='passed'>
          cells: [<'td' tag object 139886767112256>, <'td' tag object 139886767112336>, <'td' tag object 139886767114176>, <'td' tag object 139886767120656>]
      finish pytest_html_results_table_row --> [] [hook]
      pytest_html_results_table_html [hook]
          report: <TestReport 'test_cases/login_module/test_login.py::Test_Credential::test_04_valid_username_and_password' when='call' outcome='passed'>
          data: [<'div' tag object 139886767113776>, <'div' tag object 139886767113536>]
      finish pytest_html_results_table_html --> [] [hook]
      pytest_html_report_title [hook]
          report: <pytest_html.html_report.HTMLReport object at 0x7f39ed1aa110>
      finish pytest_html_report_title --> [] [hook]
      pytest_html_results_table_header [hook]
          cells: [<'th' tag object 139886765182704>, <'th' tag object 139886765182544>, <'th' tag object 139886765182624>, <'th' tag object 139886765182224>]
      finish pytest_html_results_table_header --> [] [hook]
      pytest_html_results_summary [hook]
          prefix: []
          summary: [<'p' tag object 139886765179584>, <'p' tag object 139886765179744>, <'input' tag object 139886767124176>, <'span' tag object 139886765179024>, ', ', <'input' tag object 139886766502704>, <'span' tag object 139886765179184>, ', ', <'input' tag object 139886765180064>, <'span' tag object 139886765179824>, ', ', <'input' tag object 139886765179104>, <'span' tag object 139886765178944>, ', ', <'input' tag object 139886765180784>, <'span' tag object 139886765181104>, ', ', <'input' tag object 139886765181184>, <'span' tag object 139886765179424>]
          postfix: []
      finish pytest_html_results_summary --> [] [hook]
    early skip of rewriting module: encodings.ascii [assertion]
      pytest_terminal_summary [hook]
          terminalreporter: <_pytest.terminal.TerminalReporter object at 0x7f39ed1aa620>
          exitstatus: 1
          config: <_pytest.config.Config object at 0x7f39f8c7b2b0>
      early skip of rewriting module: pygments [assertion]
      early skip of rewriting module: pygments [assertion]
      early skip of rewriting module: pygments [assertion]
      early skip of rewriting module: pygments [assertion]
      early skip of rewriting module: pygments [assertion]
      early skip of rewriting module: pygments [assertion]
        pytest_report_teststatus [hook]
            report: <TestReport 'test_cases/login_module/test_login.py::Test_Credential::test_01_invalid_username' when='call' outcome='failed'>
            config: <_pytest.config.Config object at 0x7f39f8c7b2b0>
        finish pytest_report_teststatus --> ('failed', 'F', 'FAILED') [hook]
        pytest_report_teststatus [hook]
            report: <TestReport 'test_cases/login_module/test_login.py::Test_Credential::test_02_invalid_password' when='call' outcome='failed'>
            config: <_pytest.config.Config object at 0x7f39f8c7b2b0>
        finish pytest_report_teststatus --> ('failed', 'F', 'FAILED') [hook]
        pytest_report_teststatus [hook]
            report: <TestReport 'test_cases/login_module/test_login.py::Test_Credential::test_03_invalid_username_and_password' when='call' outcome='failed'>
            config: <_pytest.config.Config object at 0x7f39f8c7b2b0>
        finish pytest_report_teststatus --> ('failed', 'F', 'FAILED') [hook]
      finish pytest_terminal_summary --> [] [hook]
    finish pytest_sessionfinish --> [] [hook]
    pytest_unconfigure [hook]
        config: <_pytest.config.Config object at 0x7f39f8c7b2b0>
    finish pytest_unconfigure --> [] [hook]
